<?xml version="1.0" encoding="UTF-8"?>
<testng-results ignored="0" total="1" passed="1" failed="0" skipped="0">
  <reporter-output>
  </reporter-output>
  <suite started-at="2024-03-31T09:45:14 IST" name="Surefire suite" finished-at="2024-03-31T09:45:14 IST" duration-ms="43">
    <groups>
    </groups>
    <test started-at="2024-03-31T09:45:14 IST" name="Surefire test" finished-at="2024-03-31T09:45:14 IST" duration-ms="43">
      <class name="GithubPipeline_task.AppTest">
        <test-method signature="apptest()[pri:0, instance:GithubPipeline_task.AppTest@6a370f4]" started-at="2024-03-31T09:45:14 IST" name="apptest" finished-at="2024-03-31T09:45:14 IST" duration-ms="5" status="PASS">
          <reporter-output>
          </reporter-output>
        </test-method> <!-- apptest -->
      </class> <!-- GithubPipeline_task.AppTest -->
    </test> <!-- Surefire test -->
  </suite> <!-- Surefire suite -->
</testng-results>
